           chr     start       end closest.active.gene
24401     chr1  10949227  10965291              TARDBP
130598    chr1  10949936  10981487              TARDBP
137244    chr1  10948127  10971910               CASZ1
153302    chr1  10949534  10963499               CASZ1
223954    chr1  10948228  10972315               CASZ1
224719    chr1  10948177  10972319               CASZ1
247702    chr1  10949357  10972125            C1ORF127
248163    chr1  10947914  10972253               CASZ1
248869    chr1  10948198  10972641               CASZ1
252514    chr1  10948168  10972215               CASZ1
253912    chr1  10948904  10972358               CASZ1
254823    chr1  10948058  10972382               CASZ1
257535    chr1  10947760  10972260               CASZ1
258120    chr1  10947958  10985394              TARDBP
261223    chr1  10947392  10972350               CASZ1
274507    chr1  10948288  10972252               CASZ1
275416    chr1  10949275  10972229               CASZ1
302167    chr1  10948339  10980788               CASZ1
315196    chr1  10948197  10971406               CASZ1
323770    chr1  10950229  10963268            C1ORF127
207815    chr1  26650128  26676007               AIM1L
269778    chr1  26654505  26679813               AIM1L
302405    chr1  26647217  26705495               AIM1L
19217     chr1  41822715  41899299               SCMH1
204806    chr1  41859598  41886440                EDN2
224280    chr1  41826825  41882949                EDN2
225144    chr1  41822894  41882809                EDN2
239786    chr1  41822553  41902428                EDN2
252606    chr1  41822754  41882656                EDN2
255595    chr1  41860521  41923976                EDN2
289007    chr1  41822711  41974419                EDN2
292538    chr1  41822498  41922193                EDN2
293618    chr1  41860429  41914900                EDN2
297366    chr1  41822688  41923907                EDN2
301828    chr1  41785958  41995301                EDN2
192584    chr1  46615682  46651508              TSPAN1
24452     chr1  56483062  56499765              PPAP2B
188908    chr1  56494805  56547741              PPAP2B
194713    chr1  61331386  61402866                NFIA
204075    chr1  61323528  61401289                NFIA
251400    chr1  61321772  61404788                NFIA
254094    chr1  61349804  61403632                NFIA
255359    chr1  61322685  61403767                NFIA
256221    chr1  61313300  61441131                NFIA
256875    chr1  61312935  61403773                NFIA
261077    chr1  61313068  61441714                NFIA
315247    chr1  61313221  61403300                NFIA
182085    chr1  84762220  84799258              SAMD13
182494    chr1  84762280  84799230              SAMD13
210064    chr1  84736051  84784890              SAMD13
222171    chr1  84763834  84786524              SAMD13
258415    chr1  84762699  84795737              SAMD13
165041    chr1  92377765  92411061                BRDT
108173    chr1 180517304 180586474                XPR1
23620     chr1 202778988 202835054           LOC148709
130397    chr1 202769622 202814205               KDM5B
153827    chr1 202774913 202807500               KDM5B
164988    chr1 202774000 202808972               KDM5B
193232    chr1 202774937 202822335               KDM5B
23768     chr1 203059581 203103910              ADORA1
293241    chr1 202984544 203086943              PPFIA4
93040     chr1 212642474 212672511                NENF
94086     chr1 212642274 212672081                NENF
112258    chr1 212659161 212692505             TMEM206
118438    chr1 212657928 212672260             TMEM206
149729    chr1 212650014 212793336                ATF3
151395    chr1 212655250 212674077                NENF
183291    chr1 212625191 212672680                NENF
184943    chr1 212624629 212672643                NENF
187045    chr1 212643094 212672303                NENF
23355     chr1 212688295 212787437                ATF3
86601     chr1 212712256 212754421                ATF3
149729.1  chr1 212650014 212793336                ATF3
150944    chr1 212704797 212784665                ATF3
183504    chr1 212718723 212743220                ATF3
184064    chr1 212718438 212788472                ATF3
187464    chr1 212719490 212742766                ATF3
42009     chr1 216856089 216889292               ESRRG
247801    chr1 216670284 216905687               ESRRG
251509    chr1 216858210 216898626               ESRRG
256717    chr1 216824008 216903104               ESRRG
275701    chr1 216855534 216902431               ESRRG
1034     chr10   3440852   3476774              PITRM1
200680   chr10   3436704   3469377              PITRM1
234345   chr10   3435342   3529717              PITRM1
161504   chr10   8402188   8462010                TAF3
175383   chr10   8406130   8448206                TAF3
180221   chr10   8406215   8450517               GATA3
279685   chr10   8343799   8449257               GATA3
280250   chr10   8348278   8487300               GATA3
139762   chr10 127780339 127825434               FANK1
149780   chr10 127722660 127826346               FANK1
150698   chr10 127724153 127826329               FANK1
172705   chr10 127778457 127814878               FANK1
221437   chr10 127737126 127844056               FANK1
289005   chr10 127729913 127953965              ADAM12
23535    chr11  69887578  69927102                ANO1
306960   chr11  69880428  69927865                ANO1
23337    chr11  72927621  73046504               P2RY6
81093    chr11  72945210  73056332               P2RY6
123685   chr11  73005536  73047007            ARHGEF17
124655   chr11  73005661  73046978            ARHGEF17
142376   chr11  72946591  73057293            ARHGEF17
146900   chr11  72979012  73054911            ARHGEF17
159034   chr11  72999242  73046921            ARHGEF17
185226   chr11  72999604  73047521            ARHGEF17
231348   chr11  72999139  73046948            ARHGEF17
233588   chr11  72999128  73047339            ARHGEF17
237585   chr11  72999729  73046632            ARHGEF17
252798   chr11  72999682  73047057            ARHGEF17
256666   chr11  72952393  73077044            ARHGEF17
276662   chr11  72982102  73046281            ARHGEF17
285945   chr11  72998679  73046843            ARHGEF17
301757   chr11  72994256  73120957                RELT
97663    chr11  73880493  73920383               PPME1
97663.1  chr11  73880493  73920383               PPME1
23453    chr11  76278050  76383011              LRRC32
166759   chr11  76277801  76354539              LRRC32
169440   chr11  76277801  76354539              LRRC32
23568    chr11 108459409 108519587               EXPH5
52422    chr11 108459509 108489503               EXPH5
314277   chr11 108472700 108492308               EXPH5
211847   chr12  19553464  19602159               AEBP2
305548   chr12  31854753  31911027                AMN1
306169   chr12  31854647  31916916                AMN1
100953   chr12  38517022  38544531              ALG10B
236285   chr12  38517636  38544376              ALG10B
307369   chr12  38514562  38533266              ALG10B
138015   chr12  39807554  39838457              KIF21A
247880   chr12  39764932  39859797              KIF21A
251628   chr12  39770361  39839248              KIF21A
256332   chr12  39770399  39838958              KIF21A
256626   chr12  39665691  39839271              KIF21A
257274   chr12  39775275  39838976              KIF21A
257834   chr12  39751701  39860364              KIF21A
275636   chr12  39766207  39838717              KIF21A
298158   chr12  39780110  39838238              KIF21A
298932   chr12  39779534  39838595              KIF21A
65449    chr12  69783521  69832904              YEATS4
113315   chr12  69805332  69837371                FRS2
118090   chr12  69808581  69819795                FRS2
138729   chr12  69808665  69847847                FRS2
143042   chr12  69783745  69822860              YEATS4
244394   chr12  69806298  69827020                FRS2
263597   chr12  69798240  69823232                FRS2
126459   chr12  71959162  71982354               THAP2
225025   chr12  71949951  71988547               THAP2
256302   chr12  71944322  71988872               THAP2
266804   chr12 105323848 105354071             SLC41A2
3508     chr12 109105674 109138364              CORO1C
42979    chr12 109010347 109140272              SELPLG
82448    chr12 109078012 109146470              CORO1C
123976   chr12 109114769 109137977              CORO1C
125035   chr12 109114665 109137990              CORO1C
149048   chr12 109082717 109138978              CORO1C
149818   chr12 109056458 109138834              CORO1C
152528   chr12 109077485 109138652              CORO1C
164682   chr12 109083890 109137881              CORO1C
183983   chr12 108998770 109138493              SELPLG
217551   chr12 109123061 109138389              CORO1C
413      chr12 115173018 115245170                TBX3
23386    chr12 115173868 115273386                TBX3
67630    chr12 115205413 115245464                TBX3
82185    chr13 111157698 111284250               RAB20
282957   chr13 111151094 111290618               RAB20
293571   chr13 111682980 111721042             ARHGEF7
294797   chr13 111682360 111715006             ARHGEF7
67064    chr14  76043473  76117231              FLVCR2
78836    chr14  76043482  76118878              FLVCR2
139571   chr14  76043678  76086753              FLVCR2
148997   chr14  76043996  76087130              FLVCR2
150017   chr14  76032092  76087210              FLVCR2
150784   chr14  76043875  76087285              FLVCR2
151555   chr14  76044912  76087250              FLVCR2
164523   chr14  78102125  78135556              SPTLC2
210234   chr15  82228604  82251866               MEX3B
139466   chr15  93340457  93403244              ASB9P1
170255   chr15  93338323  93430646        LOC100507217
217938   chr15  93339958  93428804        LOC100507217
76961    chr17   7918923   7983921             ALOX15B
127680   chr17   7918766   7944848             ALOX15B
307461   chr17   7920154   7944896             ALOX15B
7868     chr17  36404459  36454039           LOC440434
13513    chr17  36431841  36454147              MRPL45
24256    chr17  36417048  36454096              MRPL45
91426    chr17  36430435  36454377              MRPL45
101226   chr17  36432077  36454186              MRPL45
141052   chr17  36381320  36448393           LOC440434
203894   chr17  36425184  36446772              MRPL45
318422   chr17  36432589  36455087              MRPL45
39839    chr17  39204427  39220110            KRTAP2-2
23815    chr17  61943335  61996290                CSH1
264595   chr17  63389260  63635572               AXIN2
13099    chr18   3011692   3054078               LPIN2
24498    chr18   2997738   3039327               LPIN2
28106    chr18   3011776   3053987               LPIN2
49343    chr18   3011846   3053516               LPIN2
50253    chr18   3013500   3063555               LPIN2
57981    chr18   3007967   3059948               LPIN2
61521    chr18   2958197   3038175               LPIN2
71208    chr18   2957271   3038247               LPIN2
75953    chr18   2956102   3074829               LPIN2
78686    chr18   2953804   3063525               LPIN2
81928    chr18   3011989   3063216               LPIN2
82198    chr18   2957237   3063277               LPIN2
141175   chr18   3013369   3068685               LPIN2
152191   chr18   2958470   3074694               LPIN2
160491   chr18   3028934   3094329               LPIN2
164833   chr18   3008122   3052360               LPIN2
201001   chr18   3028759   3062143               LPIN2
242515   chr18   2932105   3063897               LPIN2
243395   chr18   3028717   3063496               LPIN2
243903   chr18   3009731   3063481               LPIN2
216318   chr18  51673256  51756616             SNORA37
260191   chr18  51672695  51712359             SNORA37
314536   chr18  51673891  51712144             SNORA37
172222   chr19    679128    704070              PRSSL1
225437   chr19    679273    704026              PRSSL1
226300   chr19    678869    704974              PRSSL1
274253   chr19    679185    704968              PRSSL1
277333   chr19    679283    705073              PRSSL1
278373   chr19    679208    703965              PRSSL1
148640   chr19  24156970  24168771              ZNF726
263732   chr19  39790825  39812755                IL29
23583    chr19  40029582  40100741             LGALS13
231860   chr19  43315270  43358190        LOC100289650
297667   chr19  43323198  43362924               PSG10
174637   chr19  43458526  43479703                PSG7
188674   chr19  43458753  43536610               PSG11
231786   chr19  43467353  43509117               PSG11
188674.1 chr19  43458753  43536610               PSG11
231786.1 chr19  43467353  43509117               PSG11
231578   chr19  43666519  43711429                PSG5
297554   chr19  43668104  43712132                PSG5
164804   chr19  52903461  52948842              ZNF534
164930   chr19  52984365  53002775              ZNF578
165052   chr19  53227795  53266468              ZNF611
23878    chr19  53495026  53519410             HERV-V1
23878.1  chr19  53495026  53519410             HERV-V1
189172   chr19  53514664  53562332             HERV-V2
293222    chr2  16023751  16193911              MYCNOS
296256    chr2  16047786  16063241                MYCN
153835    chr2  74961016  74974949              SEMA4F
261658    chr2  74941878  74977835              SEMA4F
309559    chr2 161746747 161778038                TANK
310223    chr2 161746696 161777722                TANK
258048    chr2 206395993 206455126                NRP2
146684    chr2 223616280 223673006               ACSL3
192987    chr2 223571162 223678940              MOGAT1
193929    chr2 223559763 223665686               FARSB
164874    chr2 238843554 238852241               UBE2F
209971    chr2 238798825 238856185               UBE2F
302438    chr2 238771186 238865470               RAMP1
23940    chr20  12947971  12992439              SPTLC3
125080   chr20  48544486  48578040              RNF114
24259    chr20  49708034  49759987               KCNG1
115468   chr20  49696634  49740437               KCNG1
141989   chr20  49732091  49761639               KCNG1
153694   chr20  49732604  49746432               KCNG1
170773   chr21  17755938  17829219              MIR99A
181147   chr21  17672733  17929052              MIR99A
181858   chr21  17650490  17828365              MIR99A
182309   chr21  17650457  17912309              MIR99A
122959   chr21  30745217  30771641               BACH1
123192   chr21  30747404  30771462               BACH1
138732   chr21  30733949  30770372               BACH1
222915   chr21  30747968  30771192               BACH1
300651   chr21  30733384  30770501               BACH1
306768   chr21  30748356  30768887               BACH1
122959.1 chr21  30745217  30771641               BACH1
123192.1 chr21  30747404  30771462               BACH1
138732.1 chr21  30733949  30770372               BACH1
222915.1 chr21  30747968  30771192               BACH1
300651.1 chr21  30733384  30770501               BACH1
23412    chr21  41096669  41156689               IGSF5
23536    chr22  21355121  21429186              SLC7A4
99999    chr22  21383336  21409175              P2RX6P
297500   chr22  21394525  21402410              P2RX6P
139424   chr22  37249236  37337953              CSF2RB
152174   chr22  37252379  37334852              CSF2RB
209958   chr22  37252093  37324750              CSF2RB
272978   chr22  37255598  37315612              CSF2RB
276172   chr22  37248870  37334854              CSF2RB
277217   chr22  37248500  37320176              CSF2RB
134710    chr3   8881124   8936652               RAD18
156984    chr3   8878094   8954246               RAD18
161281    chr3   8878167   8932726                OXTR
201437    chr3   8863353   8958378               RAD18
232249    chr3   8878164   8934897                OXTR
233405    chr3   8878153   8934390                OXTR
238608    chr3   8878381   8897145                OXTR
250896    chr3   8878207   8945807               RAD18
259702    chr3   8863303   9008923               RAD18
313355    chr3   8879145   8945465               RAD18
302849    chr3  37893691  37914781              CTDSPL
3789      chr3  46224213  46265954                CCR1
43336     chr3  46223993  46270760                CCR1
150253    chr3  46224017  46264607                CCR1
151283    chr3  46224115  46264522                CCR1
172542    chr3  46224832  46278595                CCR1
225641    chr3  46224214  46265918                CCR1
226352    chr3  46224218  46278616                CCR1
273963    chr3  46229101  46278846                CCR1
23507     chr3  54892161  54938925               WNT5A
202794    chr3  54870561  54941616               LRTM1
221658    chr3  54887793  54953454               LRTM1
221891    chr3  54850566  55038542               LRTM1
230171    chr3  54903720  54952794               LRTM1
232540    chr3  54903323  54952721               WNT5A
319252    chr3  54887273  54947178               WNT5A
23669     chr3  72494629  72542395                RYBP
292917    chr3  87118029  87139478               VGLL3
221915    chr3 107115229 107151547              CCDC54
230184    chr3 107110810 107151831                 BBX
231143    chr3 107110951 107151732                 BBX
23905     chr3 128200620 128226831               GATA2
50811     chr3 128200879 128224732               GATA2
188601    chr3 128198687 128226476               GATA2
181904    chr3 174574530 174626694            NAALADL2
182347    chr3 174574458 174626885            NAALADL2
181904.1  chr3 174574530 174626694            NAALADL2
182347.1  chr3 174574458 174626885            NAALADL2
156875    chr4  39023002  39050613             TMEM156
305762    chr4  39023341  39048897             TMEM156
203568    chr4  53821989  53864045             RASL11B
165099    chr4  84769560  84788920              AGPAT9
216152    chr4 110466401 110625922            CCDC109B
64801     chr4 140465799 140518565               MGST2
164472    chr4 170830377 170880834              MFAP3L
23617     chr4 175442261 175518771                HPGD
265519    chr4 175433236 175478291                HPGD
267673    chr4 175417401 175478534                HPGD
19245     chr5  39493220  39548613                DAB2
23972     chr5  39518403  39545939                DAB2
105314    chr5  39501339  39528671                DAB2
188723    chr5  39493912  39548769                DAB2
310648    chr5  39517333  39585270                DAB2
310912    chr5  39518343  39601401                DAB2
45458     chr5  86412896  86448546             MIR4280
54841     chr5  86394697  86448497             MIR4280
92601     chr5  86407784  86446953             MIR4280
126603    chr5  86393476  86453441             MIR4280
138924    chr5  86395222  86465992             MIR4280
157108    chr5  86398786  86449224             MIR4280
161137    chr5  86395081  86466253             MIR4280
185749    chr5  86408310  86452734             MIR4280
189581    chr5  86407907  86449603             MIR4280
191450    chr5  86403636  86451721             MIR4280
201746    chr5  86408143  86449349             MIR4280
234799    chr5  86407653  86449182             MIR4280
250301    chr5  86395165  86466422             MIR4280
259847    chr5  86394501  86461247             MIR4280
313570    chr5  86408432  86449164             MIR4280
318916    chr5  86407782  86449354             MIR4280
320405    chr5  86407868  86448875             MIR4280
262224    chr5  86523322  86650854               RASA1
262491    chr5 112286355 112315923                DCP2
13608     chr5 138020606 138067792              CTNNA1
166415    chr5 141373284 141497932              GNPDA1
169106    chr5 141373284 141497932              GNPDA1
1300      chr5 148922385 148943736             CSNK1A1
8186      chr5 148923213 148945456             CSNK1A1
11232     chr5 148928417 148944651             CSNK1A1
13648     chr5 148922448 148943826             CSNK1A1
14957     chr5 148922669 148943900             CSNK1A1
17494     chr5 148928717 148943413             CSNK1A1
18406     chr5 148928728 148943425             CSNK1A1
19962     chr5 148928411 148943544             CSNK1A1
28520     chr5 148922464 148943726             CSNK1A1
30832     chr5 148928545 148943286             CSNK1A1
31906     chr5 148923187 148943033             CSNK1A1
32169     chr5 148928544 148996564            ARHGEF37
34873     chr5 148927233 148943092             CSNK1A1
37971     chr5 148928169 148945157             CSNK1A1
40051     chr5 148926507 148943711             CSNK1A1
42845     chr5 148922388 148944340             CSNK1A1
44609     chr5 148922457 148944253             CSNK1A1
45675     chr5 148928439 148944713             CSNK1A1
47129     chr5 148928727 148942859             CSNK1A1
47565     chr5 148928496 148942188             CSNK1A1
48089     chr5 148895947 148943847             CSNK1A1
48572     chr5 148928506 148943687             CSNK1A1
49783     chr5 148928263 148943516             CSNK1A1
51950     chr5 148926288 148944800             CSNK1A1
55149     chr5 148928238 148944774             CSNK1A1
65861     chr5 148926643 148943892             CSNK1A1
67852     chr5 148922277 148943494             CSNK1A1
72844     chr5 148926362 148946267             CSNK1A1
73623     chr5 148860824 148945640             CSNK1A1
77280     chr5 148925423 148943434             CSNK1A1
78382     chr5 148922038 148944832             CSNK1A1
82391     chr5 148925349 148991446            ARHGEF37
86370     chr5 148922384 148945256             CSNK1A1
88542     chr5 148922485 148943848             CSNK1A1
93868     chr5 148928096 148944504             CSNK1A1
94901     chr5 148928212 148944490             CSNK1A1
99191     chr5 148928318 148943023             CSNK1A1
105059    chr5 148923102 148945268             CSNK1A1
108529    chr5 148893264 148943725             CSNK1A1
110783    chr5 148924780 148943444             CSNK1A1
113112    chr5 148928531 148943322             CSNK1A1
113971    chr5 148922802 148962126             CSNK1A1
115881    chr5 148928581 148943263             CSNK1A1
116497    chr5 148928636 148943506             CSNK1A1
124431    chr5 148928565 148944721             CSNK1A1
125246    chr5 148928455 148944724             CSNK1A1
127550    chr5 148926876 148944114             CSNK1A1
129947    chr5 148922549 148946740             CSNK1A1
131437    chr5 148928230 148943505             CSNK1A1
132452    chr5 148928059 148944441             CSNK1A1
143151    chr5 148928595 148944124             CSNK1A1
145305    chr5 148928849 148944020             CSNK1A1
145825    chr5 148928836 148944045             CSNK1A1
147487    chr5 148926127 148944952             CSNK1A1
148059    chr5 148853553 148945332             CSNK1A1
153174    chr5 148897127 148946413             CSNK1A1
155142    chr5 148922698 148944966             CSNK1A1
165764    chr5 148922580 148943838             CSNK1A1
168926    chr5 148928195 148967453            ARHGEF37
169806    chr5 148928511 148967642            ARHGEF37
171153    chr5 148895951 148943457             CSNK1A1
171581    chr5 148928453 148943734             CSNK1A1
171855    chr5 148928374 148944116             CSNK1A1
174873    chr5 148922199 148944718             CSNK1A1
175635    chr5 148926357 148944558             CSNK1A1
178662    chr5 148928352 148944783             CSNK1A1
179119    chr5 148928352 148944783             CSNK1A1
180107    chr5 148927323 148944737             CSNK1A1
181354    chr5 148893376 148943264             CSNK1A1
182269    chr5 148925358 148942923             CSNK1A1
182784    chr5 148922875 148942239             CSNK1A1
187119    chr5 148928457 148944145             CSNK1A1
189596    chr5 148922657 148944977             CSNK1A1
191923    chr5 148928530 148944202             CSNK1A1
193817    chr5 148922814 148943486             CSNK1A1
202543    chr5 148928668 148944257             CSNK1A1
212474    chr5 148894742 148945600             CSNK1A1
216343    chr5 148871694 148956358             CSNK1A1
227689    chr5 148926347 148944676             CSNK1A1
228282    chr5 148922447 148945111             CSNK1A1
228787    chr5 148894443 148945449             CSNK1A1
230020    chr5 148927992 148945144             CSNK1A1
230866    chr5 148928188 148944508             CSNK1A1
232046    chr5 148928302 148944256             CSNK1A1
232805    chr5 148928409 148944972             CSNK1A1
234024    chr5 148927297 148944917             CSNK1A1
234155    chr5 148928876 148945398             CSNK1A1
242985    chr5 148922479 148943475             CSNK1A1
245734    chr5 148862963 148945305             CSNK1A1
250850    chr5 148922469 148945249             CSNK1A1
260469    chr5 148914765 148944931             CSNK1A1
264585    chr5 148926337 148944514             CSNK1A1
269333    chr5 148927699 148943238             CSNK1A1
270362    chr5 148928550 148943410             CSNK1A1
282039    chr5 148927594 148944989             CSNK1A1
293880    chr5 148928707 148943164             CSNK1A1
298619    chr5 148922623 148944494             CSNK1A1
299482    chr5 148922367 148944652             CSNK1A1
301416    chr5 148928499 148944543             CSNK1A1
302925    chr5 148924787 148945945             CSNK1A1
305862    chr5 148926376 148944691             CSNK1A1
308386    chr5 148928695 148943014             CSNK1A1
308760    chr5 148926177 148945132             CSNK1A1
310433    chr5 148926005 148945022             CSNK1A1
311643    chr5 148928894 148943283             CSNK1A1
313044    chr5 148928897 148944577             CSNK1A1
314279    chr5 148928733 148943787             CSNK1A1
315661    chr5 148893875 148945406             CSNK1A1
318346    chr5 148926339 148944270             CSNK1A1
321407    chr5 148922324 148945112             CSNK1A1
323234    chr5 148928408 148944820             CSNK1A1
323469    chr5 148928616 148945404             CSNK1A1
323829    chr5 148928444 148945179             CSNK1A1
329310    chr5 148928118 148945644             CSNK1A1
23401     chr6   4441000   4519891                CDYL
135930    chr6   7558268   7586827             SNRNP48
147137    chr6   7528561   7571080                 DSP
269477    chr6   7532084   7588668                 DSP
302094    chr6   7526984   7571129                 DSP
286289    chr6  11085453  11096896           LOC221710
184312    chr6  17903523  18006550              KIF13A
185675    chr6  17904691  17998904              KIF13A
273199    chr6  17923147  17999314              KIF13A
411       chr6  52734876  52776692               GSTA3
24294     chr6  52746630  52790056               GSTA3
24104     chr6  52971695  53034459                GCM1
111587    chr6  90174079  90234117              ANKRD6
113368    chr6  90162245  90246614              ANKRD6
116713    chr6  90180592  90234087              ANKRD6
111587.1  chr6  90174079  90234117              ANKRD6
113368.1  chr6  90162245  90246614              ANKRD6
116713.1  chr6  90180592  90234087              ANKRD6
111587.2  chr6  90174079  90234117              ANKRD6
113368.2  chr6  90162245  90246614              ANKRD6
116713.2  chr6  90180592  90234087              ANKRD6
23986     chr6 110188377 110223205                FIG4
58105     chr6 110193499 110217465                GPR6
152888    chr6 110193851 110218521                FIG4
105481    chr6 113752743 113779923              MARCKS
231163    chr6 113753181 113787414              MARCKS
45417     chr6 116686300 116720799                 DSE
51771     chr6 116684545 116720697                 DSE
54737     chr6 116684489 116720642                 DSE
111311    chr6 116690990 116737409                 DSE
126619    chr6 116673278 116720218                 DSE
129970    chr6 116684202 116720536                 DSE
139353    chr6 116673005 116748368                 DSE
147564    chr6 116686763 116720032                 DSE
148616    chr6 116686610 116720493                 DSE
149128    chr6 116683219 116715708                 DSE
150790    chr6 116682305 116748327                 DSE
153535    chr6 116686233 116720310                 DSE
156605    chr6 116633663 116746603                 DSE
185294    chr6 116672135 116746817                 DSE
185579    chr6 116695077 116747436                 DSE
250381    chr6 116672991 116745820                 DSE
260025    chr6 116672872 116746312                 DSE
262000    chr6 116690063 116740955                 DSE
262884    chr6 116695141 116734176                 DSE
302618    chr6 116685914 116720960                 DSE
305587    chr6 116684535 116740753                 DSE
323229    chr6 116694446 116709960                 DSE
323478    chr6 116686478 116720369                 DSE
260043    chr6 117920331 117941042                GOPC
61281     chr6 139997552 140102962           LOC645434
184006    chr6 151167072 151275660             MTHFD1L
166935    chr6 158167339 158198011                SNX9
168128    chr6 158167339 158198011                SNX9
300086    chr6 158167361 158202046                SNX9
248002    chr7   8352500   8419408                ICA1
249596    chr7   8244285   8444314                ICA1
189157    chr7  54945249  55039229                EGFR
199180    chr7  54999192  55019778                EGFR
212363    chr7  54999361  55047117                EGFR
185095    chr7  80057549  80138426                CD36
202174    chr7  80079827  80130414               GNAT3
240904    chr7  80094510  80139050               GNAT3
259259    chr7  80095622  80147276               GNAT3
264621    chr7  80079564  80158551               GNAT3
264621.1  chr7  80079564  80158551               GNAT3
91099     chr7 101038721 101108967               EMID2
99613     chr7 101005736 101086639               EMID2
164590    chr7 152181979 152252009        LOC100128822
23910     chr8    563079    587834             C8ORF42
150326    chr8  19931246  19984483            ATP6V1B2
259565    chr8  19935142  19977980            ATP6V1B2
70218     chr8  38558006  38598098               TACC1
70849     chr8  38558916  38598227               TACC1
71549     chr8  38557958  38599764               TACC1
72551     chr8  38558173  38598372               TACC1
74392     chr8  38558123  38599721               TACC1
75384     chr8  38558203  38599404               TACC1
80021     chr8  38558020  38600114               TACC1
82352     chr8  38558458  38665141               TACC1
84488     chr8  38569531  38595089               TACC1
86264     chr8  38560322  38596264               TACC1
87375     chr8  38558841  38598594               TACC1
89119     chr8  38569299  38594951               TACC1
89901     chr8  38558012  38599400               TACC1
108100    chr8  38578420  38672974               TACC1
204652    chr8  38559036  38595057               TACC1
243689    chr8  38570025  38651352               TACC1
23357     chr8 103612855 103699073               KLF10
261160    chr9  78946490  78994196                 RFK
24617     chr9  78977412  79016602                 RFK
329325    chr9  78983907  79010943                 RFK
175173    chr9  81581897  81644404                TLE4
309148    chr9  81578727  81644728                TLE4
309825    chr9  81590638  81645004                TLE4
108487    chr9  86868726  86912421                RMI1
120345    chr9  86868449  86931082                RMI1
23762     chr9 113335099 113370075               SVEP1
184621    chr9 113367674 113423552                MUSK
134228    chr1  24861626  24916403            C1ORF130
190233    chr1  24862295  24916240            C1ORF130
316402    chr1  24863064  24919006            C1ORF130
109981    chr1  62640434  62700211               L1TD1
259017    chr1  62693474  62717434                USP1
112335    chr1 109383918 109389919               GPSM2
116931    chr1 109385097 109389918               GPSM2
130286    chr1 109357806 109389830              AKNAD1
153757    chr1 109358265 109389810           LOC642864
255231    chr1 109372152 109403030              AKNAD1
24466     chr1 116990205 117011326            ATP1A1OS
147083    chr1 116990659 117039794            ATP1A1OS
263595    chr1 116990526 117028503            ATP1A1OS
307390    chr1 116991200 117011485            ATP1A1OS
62743     chr1 117161117 117187256               IGSF3
254395    chr1 117159822 117192890               IGSF3
114167    chr1 151552955 151567271               SNX27
108185    chr1 176467820 176537542               RFWD2
120867    chr1 176482873 176506190              PAPPA2
41539     chr1 229149396 229168817               RAB4A
23649    chr10  47651572  47688249              ZNF488
146608   chr10  47616635  47698054              ANTXRL
167562   chr10  47592259  47686793              ANTXRL
223345   chr10  47626429  47684474              ANTXRL
66859    chr10 104477283 104598237            C10ORF26
88941    chr10 105244669 105276291               NEURL
91308    chr10 105249614 105292486               NEURL
107163   chr10 105239955 105278177               NEURL
160188   chr10 105240293 105360519               NEURL
303837   chr10 105241180 105352634               NEURL
23510    chr10 105269517 105330005               NEURL
88716    chr10 105301977 105382856               NEURL
89433    chr10 105302720 105458419               NEURL
106845   chr10 105302376 105379229               NEURL
108037   chr10 105301883 105375511               NEURL
119974   chr10 105300506 105371019               NEURL
160188.1 chr10 105240293 105360519               NEURL
207216   chr10 105303304 105353221               NEURL
248824   chr10 105300867 105352754               NEURL
252333   chr10 105301113 105352783               NEURL
254882   chr10 105301702 105342679               NEURL
291393   chr10 105304730 105357598              CALHM2
301683   chr10 105302657 105676079            SH3PXD2A
303837.1 chr10 105241180 105352634               NEURL
667      chr10 112127265 112190767              SMNDC1
13293    chr10 112154632 112176416               DUSP5
23605    chr10 112154985 112191305               DUSP5
37094    chr10 112151833 112191769               DUSP5
38631    chr10 112152157 112189535               DUSP5
45559    chr10 112157209 112186566               DUSP5
47932    chr10 112155010 112177495               DUSP5
48147    chr10 112151794 112192470               DUSP5
51548    chr10 112168689 112182084               DUSP5
52573    chr10 112157290 112180905               DUSP5
55476    chr10 112154876 112180860               DUSP5
58667    chr10 112167181 112187426               DUSP5
62140    chr10 112154512 112186866               DUSP5
62870    chr10 112154727 112187509               DUSP5
92184    chr10 112155943 112187116               DUSP5
92410    chr10 112154764 112189013               DUSP5
93010    chr10 112152026 112188229               DUSP5
94054    chr10 112152023 112190520               DUSP5
95539    chr10 112155011 112187303               DUSP5
95853    chr10 112155851 112187303               DUSP5
100514   chr10 112154705 112193128               DUSP5
104694   chr10 112134909 112186800              SMNDC1
105727   chr10 112157704 112186941               DUSP5
107389   chr10 112152059 112222295               DUSP5
108738   chr10 112151896 112194908               DUSP5
120746   chr10 112154149 112222182               DUSP5
123495   chr10 112154523 112186699               DUSP5
126415   chr10 112152014 112187444               DUSP5
134421   chr10 112157315 112180525               DUSP5
135013   chr10 112157328 112175496               DUSP5
139237   chr10 112155154 112181417               DUSP5
139493   chr10 112148386 112191888               DUSP5
141174   chr10 112146810 112194392               DUSP5
150363   chr10 112135679 112191336               DUSP5
151930   chr10 112148341 112187444               DUSP5
156425   chr10 112158348 112188040               DUSP5
158604   chr10 112068912 112187456              SMNDC1
159758   chr10 112158570 112187412               DUSP5
161623   chr10 112154941 112187260               DUSP5
161957   chr10 112168828 112176565               DUSP5
166363   chr10 112070247 112221731              SMNDC1
166896   chr10 112112897 112225060               DUSP5
168096   chr10 112112897 112225060               DUSP5
169063   chr10 112070247 112221731              SMNDC1
171937   chr10 112155006 112175553               DUSP5
175603   chr10 112157305 112187032               DUSP5
178510   chr10 112152003 112191176               DUSP5
179296   chr10 112152003 112191176               DUSP5
180289   chr10 112154897 112191506               DUSP5
183115   chr10 112148001 112189425               DUSP5
184353   chr10 112152046 112189472               DUSP5
185478   chr10 112109981 112187404              SMNDC1
186729   chr10 112152356 112187386               DUSP5
189534   chr10 112111398 112186588              SMNDC1
190106   chr10 112147492 112187354               DUSP5
190725   chr10 112134711 112186307              SMNDC1
192005   chr10 112152314 112177457               DUSP5
197156   chr10 112154768 112177289              SMNDC1
198120   chr10 112154750 112187124               DUSP5
199989   chr10 112154760 112177288               DUSP5
200436   chr10 112133952 112198167               DUSP5
201606   chr10 112152153 112187451               DUSP5
205807   chr10 112146969 112219237               DUSP5
208604   chr10 112153965 112177236               DUSP5
210012   chr10 112171945 112265007               DUSP5
217922   chr10 112147489 112190897               DUSP5
218835   chr10 112152399 112192867               DUSP5
219898   chr10 112151343 112180490               DUSP5
220445   chr10 112147346 112191989               DUSP5
230235   chr10 112155341 112189187               DUSP5
231877   chr10 112152041 112188336               DUSP5
232832   chr10 112157320 112187713               DUSP5
234450   chr10 112152980 112187475               DUSP5
234957   chr10 112152167 112190352               DUSP5
236096   chr10 112147842 112187236               DUSP5
238490   chr10 112157533 112187803               DUSP5
240915   chr10 112151897 112192469               DUSP5
241779   chr10 112156361 112178288               DUSP5
242335   chr10 112152090 112187463               DUSP5
243512   chr10 112134668 112187435              SMNDC1
243788   chr10 112135272 112188196               DUSP5
245808   chr10 112154733 112182124               DUSP5
247052   chr10 112155116 112187445               DUSP5
260398   chr10 112157105 112187446               DUSP5
263834   chr10 112147250 112187623               DUSP5
264192   chr10 112151885 112209732               DUSP5
281539   chr10 112153220 112191168               DUSP5
284552   chr10 112112741 112177937              SMNDC1
301969   chr10 112112662 112221369               DUSP5
305641   chr10 112151998 112220461               DUSP5
306503   chr10 112155044 112191254               DUSP5
307022   chr10 112167309 112220254               DUSP5
313659   chr10 112152392 112190194               DUSP5
316452   chr10 112151777 112187379               DUSP5
318311   chr10 112154435 112187506               DUSP5
318663   chr10 112152130 112189420               DUSP5
319573   chr10 112147828 112190082               DUSP5
320264   chr10 112147844 112190266               DUSP5
324137   chr10 112147298 112192430               DUSP5
324724   chr10 112147193 112192454               DUSP5
325412   chr10 112151795 112192278               DUSP5
325943   chr10 112147177 112192462               DUSP5
326570   chr10 112147170 112192710               DUSP5
327257   chr10 112147161 112192451               DUSP5
328289   chr10 112062581 112222212              SMNDC1
329992   chr10 112147308 112192328               DUSP5
330666   chr10 112151373 112192422               DUSP5
7793     chr10 121410221 121447375                BAG3
15891    chr10 121410289 121447247                BAG3
16995    chr10 121410186 121447272                BAG3
24039    chr10 121409819 121450471                BAG3
24665    chr10 121410229 121442536                BAG3
25190    chr10 121410057 121442030                BAG3
32463    chr10 121410144 121447100                BAG3
40240    chr10 121414825 121447599                BAG3
45799    chr10 121435472 121447241                BAG3
46562    chr10 121414194 121447223                BAG3
51985    chr10 121411512 121447687                BAG3
55369    chr10 121410223 121447490                BAG3
61396    chr10 121410837 121447545                BAG3
62068    chr10 121409913 121447937                BAG3
63758    chr10 121413688 121446375                BAG3
63958    chr10 121414548 121447354                BAG3
70051    chr10 121410041 121447396                BAG3
70984    chr10 121409995 121447304                BAG3
71723    chr10 121409775 121447462                BAG3
72476    chr10 121410119 121447444                BAG3
73267    chr10 121409152 121442976                BAG3
74544    chr10 121409974 121447002                BAG3
75142    chr10 121409679 121447056                BAG3
77275    chr10 121409757 121447574                BAG3
77819    chr10 121409772 121447549                BAG3
80249    chr10 121409830 121447327                BAG3
84339    chr10 121409241 121447555                BAG3
88328    chr10 121409858 121447800                BAG3
89825    chr10 121393055 121447437                BAG3
90624    chr10 121409581 121442866                BAG3
105306   chr10 121412426 121448264                BAG3
112386   chr10 121409994 121448877                BAG3
125798   chr10 121410072 121447119                BAG3
126872   chr10 121410118 121447469                BAG3
130007   chr10 121409991 121447734                BAG3
133942   chr10 121413901 121483639              INPP5F
147819   chr10 121426836 121447719                BAG3
153702   chr10 121401740 121447811                BAG3
155706   chr10 121410134 121447534                BAG3
157563   chr10 121409693 121447785                BAG3
158820   chr10 121409834 121453951                BAG3
159759   chr10 121412548 121447732                BAG3
161171   chr10 121409874 121453734                BAG3
168977   chr10 121439208 121469868              INPP5F
169830   chr10 121439618 121469842              INPP5F
175225   chr10 121409649 121448138                BAG3
176171   chr10 121426786 121447301                BAG3
176548   chr10 121413957 121447569                BAG3
179493   chr10 121412446 121447322                BAG3
189053   chr10 121409844 121447723                BAG3
189655   chr10 121409650 121442506                BAG3
189793   chr10 121385405 121503345                BAG3
190620   chr10 121414048 121503238              INPP5F
191836   chr10 121410119 121447288                BAG3
192376   chr10 121417895 121504502              INPP5F
207452   chr10 121414647 121443652                BAG3
212510   chr10 121409900 121447731                BAG3
227986   chr10 121410067 121447652                BAG3
228489   chr10 121409900 121447657                BAG3
229069   chr10 121412494 121447332                BAG3
241206   chr10 121409880 121447468                BAG3
245305   chr10 121410117 121447493                BAG3
245677   chr10 121409654 121448617                BAG3
246752   chr10 121410163 121442542                BAG3
250862   chr10 121409807 121448053                BAG3
252796   chr10 121402043 121447854                BAG3
260383   chr10 121409838 121448127                BAG3
290259   chr10 121412580 121442602                BAG3
290488   chr10 121410187 121446583                BAG3
291201   chr10 121412867 121446641                BAG3
298291   chr10 121409751 121451154                BAG3
299377   chr10 121409460 121451095                BAG3
302469   chr10 121413816 121454701                BAG3
304607   chr10 121410090 121447383                BAG3
305117   chr10 121410205 121447461                BAG3
305595   chr10 121409942 121447785                BAG3
306171   chr10 121410098 121446774                BAG3
307539   chr10 121414263 121462709                BAG3
308105   chr10 121414304 121462243                BAG3
316010   chr10 121409946 121447579                BAG3
316231   chr10 121412546 121503137              INPP5F
321900   chr10 121409749 121447781                BAG3
324617   chr10 121409720 121442953                BAG3
325033   chr10 121409769 121442839                BAG3
325694   chr10 121409734 121442954                BAG3
326341   chr10 121409614 121443875                BAG3
327002   chr10 121409590 121443854                BAG3
327568   chr10 121409779 121442918                BAG3
328674   chr10 121409484 121443810                BAG3
329639   chr10 121409505 121442932                BAG3
330324   chr10 121409667 121443495                BAG3
331113   chr10 121409751 121443650                BAG3
105017   chr10 124208933 124264814               HTRA1
22073    chr10 127903480 127958857              ADAM12
38721    chr10 127886949 127959767              ADAM12
39247    chr10 127886796 127960272              ADAM12
60001    chr10 127858084 127959924              ADAM12
64171    chr10 127911046 127943476              ADAM12
70188    chr10 127898168 127953945              ADAM12
136655   chr10 127818563 127959662              ADAM12
142466   chr10 127882864 127958907              ADAM12
156510   chr10 127884375 127960051              ADAM12
193045   chr10 127896450 127954474              ADAM12
221386   chr10 127885825 127953941              ADAM12
229966   chr10 127886794 127943249              ADAM12
231470   chr10 127886868 127953540              ADAM12
232247   chr10 127884966 127961924              ADAM12
233511   chr10 127902999 127960679              ADAM12
235015   chr10 127875111 127943266              ADAM12
285870   chr10 127896614 127954585               FANK1
289005.1 chr10 127729913 127953965              ADAM12
291906   chr10 127885348 127944804              ADAM12
296676   chr10 127885348 127944804              ADAM12
297340   chr10 127885475 127951680              ADAM12
301182   chr10 127878865 127944205              ADAM12
48243    chr11  47867645  47903429              NUP160
59120    chr11  47868768  47922461              NUP160
308454   chr11  47880278  47892098              NUP160
308698   chr11  47867528  47907920              NUP160
310334   chr11  47867385  47908029              NUP160
316723   chr11  47878177  47894275              NUP160
45246    chr11  57044540  57094189            TNKS1BP1
52086    chr11  57045190  57092278            TNKS1BP1
55505    chr11  57045406  57092187            TNKS1BP1
63442    chr11  57046832  57094591            TNKS1BP1
67104    chr11  57042709  57094905            TNKS1BP1
69595    chr11  57059952  57096188            TNKS1BP1
72240    chr11  57036783  57096377            TNKS1BP1
78954    chr11  57036532  57094578            TNKS1BP1
82354    chr11  57043295  57095871            TNKS1BP1
86059    chr11  57045127  57094913            TNKS1BP1
89733    chr11  57060643  57094682            TNKS1BP1
101004   chr11  57044849  57094232            TNKS1BP1
107293   chr11  57056488  57092356            TNKS1BP1
125704   chr11  57047325  57094490            TNKS1BP1
129813   chr11  57045000  57094183            TNKS1BP1
147513   chr11  57045205  57091244            TNKS1BP1
148563   chr11  57044511  57091825            TNKS1BP1
153142   chr11  57045246  57094225            TNKS1BP1
157164   chr11  57041476  57094920            TNKS1BP1
180219   chr11  57059752  57094143            TNKS1BP1
180791   chr11  57059752  57094143            TNKS1BP1
206610   chr11  57060975  57086227            TNKS1BP1
207448   chr11  57060875  57089906            TNKS1BP1
212580   chr11  57059960  57094442            TNKS1BP1
219069   chr11  57044847  57094485            TNKS1BP1
227369   chr11  57043463  57094602            TNKS1BP1
229596   chr11  57043683  57095053            TNKS1BP1
233825   chr11  57044872  57092328            TNKS1BP1
245835   chr11  57044028  57094773            TNKS1BP1
250580   chr11  57044818  57104365            TNKS1BP1
267249   chr11  57044802  57092306            TNKS1BP1
301914   chr11  57042785  57098290            TNKS1BP1
306689   chr11  57060208  57104421            TNKS1BP1
313769   chr11  57045541  57090759            TNKS1BP1
324020   chr11  57060184  57091077            TNKS1BP1
552      chr11  95920960  96001185            MIR1260B
2775     chr11  95975506  96006506            MIR1260B
4095     chr11  95926446  96013307            MIR1260B
6214     chr11  95975746  96006494            MIR1260B
11231    chr11  95921586  95997481            MIR1260B
20000    chr11  95920819  96006679            MIR1260B
23758    chr11  95920757  96010336            MIR1260B
29897    chr11  95920941  96001818            MIR1260B
31908    chr11  95940470  96001301            MIR1260B
32444    chr11  95940106  96012832            MIR1260B
35233    chr11  95926891  96007119            MIR1260B
36147    chr11  95927049  96006532            MIR1260B
38456    chr11  95919444  96077221            MIR1260B
40524    chr11  95918049  96007246            MIR1260B
43252    chr11  95920993  96001500            MIR1260B
54677    chr11  95959675  96073379            MIR1260B
60341    chr11  95919530  95997544            MIR1260B
62318    chr11  95919312  96022129            MIR1260B
62849    chr11  95974731  96014261            MIR1260B
65258    chr11  95920346  96013280            MIR1260B
68397    chr11  95920027  96001204            MIR1260B
69389    chr11  95765800  96012361            MIR1260B
71128    chr11  95920340  96001465            MIR1260B
80699    chr11  95867885  96001884            MIR1260B
82603    chr11  95920937  96012132            MIR1260B
84000    chr11  95919427  96012273            MIR1260B
85834    chr11  95920607  96001269            MIR1260B
87952    chr11  95930705  96006571            MIR1260B
102033   chr11  95975919  96006145            MIR1260B
103701   chr11  95975520  96006133            MIR1260B
104163   chr11  95975626  96012415            MIR1260B
104946   chr11  95932246  95997886            MIR1260B
108583   chr11  95920654  96012824            MIR1260B
126235   chr11  95959357  95997401            MIR1260B
126823   chr11  95958910  96014282            MIR1260B
141622   chr11  95926900  96014401            MIR1260B
142675   chr11  95920213  96020983            MIR1260B
145158   chr11  95961103  96009926            MIR1260B
145463   chr11  95944479  96013325            MIR1260B
146247   chr11  95959813  96014096            MIR1260B
149843   chr11  95936714  96013617            MIR1260B
152610   chr11  95939809  96001242            MIR1260B
154531   chr11  95919347  96077497            MIR1260B
156474   chr11  95919367  96077789            MIR1260B
161665   chr11  95945196  95996734            MIR1260B
166435   chr11  95838203  96013277            MIR1260B
166956   chr11  95844760  96013312            MIR1260B
168148   chr11  95844760  96013312            MIR1260B
169124   chr11  95838203  96013277            MIR1260B
172994   chr11  95986876  96024097            MIR1260B
174148   chr11  95975953  96001835            MIR1260B
183407   chr11  95919649  96014125            MIR1260B
183998   chr11  95919688  96077468            MIR1260B
185898   chr11  95932362  95996669            MIR1260B
186763   chr11  95921167  96012956            MIR1260B
196103   chr11  95947534  96077010            MIR1260B
201471   chr11  95919652  96014010            MIR1260B
206247   chr11  95974330  96048799            MIR1260B
213997   chr11  95975699  96012923            MIR1260B
214311   chr11  95778281  96077374            MIR1260B
215697   chr11  95975866  96006695            MIR1260B
215877   chr11  95865186  96118144            MIR1260B
218124   chr11  95991381  96077515            MIR1260B
221392   chr11  95869458  96009885            MIR1260B
229432   chr11  95918092  96012195            MIR1260B
230337   chr11  95919602  96013577            MIR1260B
231441   chr11  95918851  96012679            MIR1260B
232566   chr11  95917869  96013400            MIR1260B
253409   chr11  95940515  96013819            MIR1260B
259823   chr11  95919320  96077290            MIR1260B
261858   chr11  95888058  96077397            MIR1260B
262597   chr11  95862588  96077479            MIR1260B
276773   chr11  95931257  95999512            MIR1260B
288548   chr11  95973951  96001588            MIR1260B
289396   chr11  95920472  95999681            MIR1260B
299241   chr11  95949392  96014007            MIR1260B
300350   chr11  95972220  96001488            MIR1260B
313369   chr11  95944307  96013989            MIR1260B
314372   chr11  95920952  96013568            MIR1260B
1940     chr11 122993123 123031426                ASAM
60118    chr11 122981943 123069668                ASAM
64690    chr11 122971379 123047576                ASAM
67963    chr11 122970868 123067777                ASAM
83609    chr11 122970793 123067854                ASAM
125608   chr11 122982220 123082709                ASAM
156550   chr11 122981776 123091205                ASAM
157900   chr11 123015027 123067154                ASAM
183023   chr11 122973716 123074058                ASAM
184129   chr11 122971144 123132497                ASAM
201487   chr11 122982517 123110758                ASAM
256891   chr11 122970480 123082759                ASAM
300949   chr11 122980925 123069634                ASAM
305373   chr11 122971607 123069526                ASAM
326295   chr11 122981888 123067038                ASAM
24540    chr11 124616098 124648365                ESAM
24415    chr12  80579911  80621413            C12ORF64
42574    chr12  80579528  80637557            C12ORF64
203287   chr12  80579679  80611494            PPP1R12A
308650   chr12  80579783  80638055            C12ORF64
310302   chr12  80579578  80638091            C12ORF64
413.1    chr12 115173018 115245170                TBX3
23386.1  chr12 115173868 115273386                TBX3
67630.1  chr12 115205413 115245464                TBX3
165119   chr12 115204738 115229066                TBX3
222425   chr12 115200039 115221877                TBX3
24045    chr12 132344467 132381757                ULK1
37326    chr12 132336105 132382231                ULK1
56001    chr12 132338218 132397485                ULK1
147115   chr12 132341706 132382084                ULK1
222752   chr12 132335243 132388369                ULK1
325791   chr12 132335621 132382111                ULK1
328973   chr12 132335570 132398211                ULK1
66748    chr13  22039285  22069099             ZDHHC20
130506   chr13  25222806  25247570              ATP12A
148368   chr13  25221805  25247115              ATP12A
153787   chr13  25221139  25247444              ATP12A
218631   chr13  25223127  25246670              ATP12A
302408   chr13  25180179  25269709              ATP12A
71979    chr14  59654120  59696838               DAAM1
74509    chr14  59654062  59724800               DAAM1
75425    chr14  59653974  59705249               DAAM1
77478    chr14  59642956  59845817               DAAM1
297861   chr14  59653888  59841484               DAAM1
298708   chr14  59653175  59746358               DAAM1
23635    chr14  65787309  65841041                FUT8
59375    chr14  65748310  65827963                FUT8
100780   chr14  65800713  65828572                FUT8
162477   chr14  65749401  65825579                FUT8
166555   chr14  65748411  65840937                FUT8
167019   chr14  65748467  65840709                FUT8
168209   chr14  65748467  65840709                FUT8
169235   chr14  65748411  65840937                FUT8
220204   chr14  65800589  65827502                FUT8
23964    chr14  76094577  76109218             C14ORF1
67064.1  chr14  76043473  76117231              FLVCR2
78836.1  chr14  76043482  76118878              FLVCR2
86473    chr14  76074623  76124072              FLVCR2
294820   chr14  76096935  76117762             C14ORF1
295967   chr14  76101667  76116190             C14ORF1
114247   chr15  63283985  63312944                TPM1
156701   chr15  63211889  63288555                TPM1
200870   chr15  63288885  63303736                TPM1
309421   chr15  63255549  63308841                TPM1
310172   chr15  63267535  63296939                TPM1
23556    chr15  70452660  70497708                TLE3
224847   chr15  70439646  70510952                TLE3
248863   chr15  70443782  70494105                TLE3
249694   chr15  70426865  70519603                TLE3
252366   chr15  70445695  70493405                TLE3
257321   chr15  70434754  70493849                TLE3
322014   chr15  70432301  70516240                TLE3
322280   chr15  70381020  70520450                TLE3
245      chr15  74607068  74676806             CYP11A1
23329    chr15  74605813  74727735             CYP11A1
67189    chr15  74614933  74667093             CYP11A1
238697   chr15  74574812  74624305              CCDC33
239347   chr15  74582975  74623802              CCDC33
239885   chr15  74574990  74624258              CCDC33
240471   chr15  74575107  74623939              CCDC33
76998    chr15 101408835 101460877             ALDH1A3
134298   chr15 101421754 101434280             ALDH1A3
181321   chr15 101428444 101445382             ALDH1A3
182094   chr15 101428437 101452781             ALDH1A3
182653   chr15 101428614 101445193             ALDH1A3
190442   chr15 101419335 101433839             ALDH1A3
191151   chr15 101419895 101433569             ALDH1A3
307944   chr15 101421652 101433078             ALDH1A3
308342   chr15 101421482 101433340             ALDH1A3
316918   chr15 101420422 101434409             ALDH1A3
58208    chr16  12303036  12461976               SNX29
108165   chr16  12236793  12359766             RUNDC2A
120258   chr16  12306957  12416349             RUNDC2A
23816    chr16  24529697  24553915               RBBP6
243036   chr16  24528123  24568436               RBBP6
314507   chr16  24537384  24564849               RBBP6
23984    chr16  55689085  55705616              SLC6A2
137395   chr16  55684740  55695569              SLC6A2
137674   chr16  55671899  55699118              SLC6A2
146617   chr16  55693786  55704515              SLC6A2
209100   chr16  55686423  55697024              SLC6A2
223842   chr16  55671748  55699124              SLC6A2
224690   chr16  55669595  55697615              SLC6A2
248063   chr16  55669776  55701482              SLC6A2
252502   chr16  55676402  55696508              SLC6A2
253771   chr16  55672108  55697616              SLC6A2
256968   chr16  55673465  55715967              SLC6A2
257713   chr16  55670497  55696812              SLC6A2
258291   chr16  55668813  55707654              SLC6A2
261449   chr16  55669236  55696159              SLC6A2
274973   chr16  55684849  55696145              SLC6A2
275310   chr16  55671541  55698599              SLC6A2
315028   chr16  55670799  55698478              SLC6A2
23622    chr16  80642543  80675293             DYNLRB2
122889   chr16  80641770  80658389             DYNLRB2
123119   chr16  80639775  80657310             DYNLRB2
147098   chr16  80639747  80657016             DYNLRB2
3423     chr16  85557640  85608711            KIAA0182
6370     chr16  85558368  85645463            KIAA0182
10069    chr16  85546555  85608638            KIAA0182
15282    chr16  85547578  85618151            KIAA0182
23721    chr16  85577516  85614519            KIAA0182
34226    chr16  85547499  85662568            KIAA0182
36155    chr16  85575153  85618343            KIAA0182
41130    chr16  85563027  85712160            KIAA0182
42459    chr16  85524741  85663281            KIAA0182
50586    chr16  85556307  85656073            KIAA0182
53761    chr16  85568541  85606848            KIAA0182
74979    chr16  85564515  85694276            KIAA0182
78583    chr16  85547036  85614443            KIAA0182
87105    chr16  85567494  85609280            KIAA0182
89578    chr16  85546287  85660702            KIAA0182
96631    chr16  85547041  85592162            KIAA0182
97509    chr16  85557282  85606479            KIAA0182
109077   chr16  85428918  85651187            KIAA0182
109920   chr16  85575662  85662361            KIAA0182
113411   chr16  85547821  85661382            KIAA0182
119187   chr16  85556383  85604045            KIAA0182
120977   chr16  85547331  85604185            KIAA0182
135670   chr16  85562697  85590963            KIAA0182
137279   chr16  85542970  85591534            KIAA0182
138640   chr16  85470722  85725035            KIAA0182
141107   chr16  85545698  85606962            KIAA0182
146730   chr16  85448967  85692889            KIAA0182
164251   chr16  85574452  85648511            KIAA0182
167469   chr16  85468285  85650940            KIAA0182
187685   chr16  85562688  85609441            KIAA0182
200482   chr16  85548122  85592209            KIAA0182
208876   chr16  85574722  85661523            KIAA0182
223530   chr16  85469538  85708201            KIAA0182
223731   chr16  85543172  85708689            KIAA0182
224578   chr16  85542651  85687091            KIAA0182
226073   chr16  85547979  85615426            KIAA0182
227270   chr16  85571499  85608370            KIAA0182
238627   chr16  85541900  85700266            KIAA0182
239274   chr16  85574533  85697943            KIAA0182
239785   chr16  85541945  85637337            KIAA0182
240232   chr16  85547477  85715031            KIAA0182
240660   chr16  85556229  85597760            KIAA0182
243687   chr16  85545949  85609051            KIAA0182
247117   chr16  85523796  85688008            KIAA0182
247848   chr16  85545161  85662661            KIAA0182
249625   chr16  85545060  85662398            KIAA0182
251630   chr16  85542949  85662488            KIAA0182
251992   chr16  85448440  85596706            KIAA0182
253515   chr16  85545219  85687794            KIAA0182
254856   chr16  85547943  85590466            KIAA0182
255034   chr16  85453431  85708645            KIAA0182
255363   chr16  85574206  85687686            KIAA0182
256594   chr16  85148273  85717785            KIAA0182
257261   chr16  85542686  85688466            KIAA0182
257903   chr16  85546359  85660989            KIAA0182
260742   chr16  85545442  85662505            KIAA0182
261162   chr16  85545697  85593517            KIAA0182
263050   chr16  85574329  85607327            KIAA0182
265157   chr16  85547766  85605574            KIAA0182
266281   chr16  85547747  85605500            KIAA0182
267753   chr16  85547752  85604336            KIAA0182
269433   chr16  85572613  85660864            KIAA0182
270491   chr16  85556519  85617840            KIAA0182
270939   chr16  85556544  85617327            KIAA0182
271564   chr16  85556403  85609165            KIAA0182
272092   chr16  85556320  85611891            KIAA0182
272470   chr16  85556523  85610788            KIAA0182
274414   chr16  85543097  85661756            KIAA0182
274707   chr16  85546420  85661725            KIAA0182
275174   chr16  85545731  85687583            KIAA0182
275575   chr16  85381764  85686853            KIAA0182
276155   chr16  85556247  85611397            KIAA0182
277127   chr16  85556201  85617865            KIAA0182
277809   chr16  85547996  85613019            KIAA0182
283021   chr16  85547109  85611621            KIAA0182
289662   chr16  85574047  85650515            KIAA0182
292149   chr16  85574738  85609302            KIAA0182
295498   chr16  85576395  85598814            KIAA0182
296919   chr16  85574738  85609302            KIAA0182
301703   chr16  85157180  85601520           LOC400548
306508   chr16  85448544  85725164            KIAA0182
314977   chr16  85542920  85686972            KIAA0182
317218   chr16  85546465  85618161            KIAA0182
191      chr17   8021854   8104105               VAMP2
2341     chr17   8041380   8104189               VAMP2
3263     chr17   8041517   8104357               VAMP2
3940     chr17   8012957   8104207                PER1
4568     chr17   8040905   8104516               VAMP2
5311     chr17   8041299   8104239               VAMP2
7622     chr17   8041506   8104147               VAMP2
12702    chr17   8020824   8103911               VAMP2
14307    chr17   8021719   8104061               VAMP2
15251    chr17   8041748   8103760               VAMP2
18916    chr17   8021737   8104114               VAMP2
20027    chr17   8021753   8104211               VAMP2
20979    chr17   8041215   8104227               VAMP2
23399    chr17   8020449   8104962               VAMP2
24644    chr17   8041602   8103860               VAMP2
25219    chr17   8042250   8103687               VAMP2
25733    chr17   8021591   8104031               VAMP2
26919    chr17   8041547   8104065               VAMP2
27712    chr17   8021018   8104168               VAMP2
29209    chr17   8021398   8104105               VAMP2
29847    chr17   8041352   8104242               VAMP2
31041    chr17   8021806   8104068               VAMP2
32076    chr17   8041466   8103842               VAMP2
33349    chr17   8021071   8104054               VAMP2
34137    chr17   8021197   8104330               VAMP2
35102    chr17   8041189   8104236               VAMP2
35972    chr17   8041410   8104082               VAMP2
87591    chr17   8088403   8096718            C17ORF59
97681    chr17   8041427   8103909               VAMP2
101467   chr17   8013252   8103783                <NA>
106771   chr17   8012654   8104124                PER1
108032   chr17   8012924   8104251                PER1
110377   chr17   8056707   8104947             TMEM107
113502   chr17   8023155   8103582               VAMP2
116674   chr17   8041367   8104130               VAMP2
117563   chr17   8036891   8103716               VAMP2
118194   chr17   8041603   8104049               VAMP2
119222   chr17   8041636   8104084               VAMP2
119965   chr17   8020648   8103826               VAMP2
121007   chr17   8041453   8103864               VAMP2
122120   chr17   8054749   8103938             TMEM107
134952   chr17   8020654   8109062               VAMP2
160478   chr17   8042138   8104070             TMEM107
161445   chr17   8021631   8104401               VAMP2
168184   chr17   8013063   8104324                PER1
169183   chr17   8020582   8104229               VAMP2
279953   chr17   8021349   8104283               VAMP2
280572   chr17   8028518   8104314               VAMP2
280773   chr17   8042286   8103614               VAMP2
328407   chr17   8020539   8104309               VAMP2
2042     chr17   9131363   9145241                NTN1
7777     chr17   9052042   9160704                NTN1
23767    chr17   9119350   9145349                NTN1
34174    chr17   9044019   9197156                NTN1
68739    chr17   9120132   9149085                NTN1
71633    chr17   9109213   9177565                NTN1
72154    chr17   9047658   9177800                NTN1
74425    chr17   9109483   9161324                NTN1
80216    chr17   9109515   9161478                NTN1
84381    chr17   9109085   9150306                NTN1
88874    chr17   9108838   9161192                NTN1
89879    chr17   9108921   9162043                NTN1
14879    chr17  12629585  12648633               MYOCD
24366    chr17  12628705  12638214            ARHGAP44
42455    chr17  12567954  12648727               MYOCD
77637    chr17  12567715  12650347               MYOCD
297893   chr17  12567400  12651222               MYOCD
298689   chr17  12566908  12651366               MYOCD
194269   chr17  74600073  74636962          ST6GALNAC1
212675   chr17  74576548  74610232          ST6GALNAC2
23574    chr18  11941859  11996565               IMPA2
79946    chr18  11937861  12039481               IMPA2
165092   chr18  11926923  11984086               IMPA2
2454     chr19  14095465  14126997                RFX1
3870     chr19  14114809  14137765                RFX1
8326     chr19  14088668  14122288                RFX1
21020    chr19  14095705  14127042                RFX1
24055    chr19  14094198  14138434                RFX1
40610    chr19  14095046  14126911                RFX1
80801    chr19  14088459  14135336                RFX1
188074   chr19  14091519  14126739                RFX1
262455   chr19  14095857  14135239                RFX1
276336   chr19  14088419  14137007                RFX1
24208    chr19  23492312  23507778               ZNF91
148648   chr19  23492199  23505170               ZNF91
198467   chr19  23492334  23499913               ZNF91
23583.1  chr19  40029582  40100741             LGALS13
23884    chr19  40165936  40202803             LGALS14
124428   chr19  43377788  43420597                PSG1
134880   chr19  43377976  43441503                PSG6
231471   chr19  43377169  43441249                PSG6
236110   chr19  43377891  43404326                PSG1
238249   chr19  43375231  43420127                PSG1
322198   chr19  43378128  43405825                PSG1
174637.1 chr19  43458526  43479703                PSG7
188674.2 chr19  43458753  43536610               PSG11
231786.2 chr19  43467353  43509117               PSG11
164780   chr19  53167401  53204535               ZNF83
165398   chr19  53359162  53377280              ZNF468
23379    chr19  54079708  54175015                DPRX
98155    chr19  54096190  54117200           LOC284379
113675   chr19  54084487  54130913           LOC284379
197638   chr19  54101950  54149735                DPRX
269288   chr19  54095941  54118158           LOC284379
284313   chr19  54096200  54126501           LOC284379
9031     chr19  54163598  54172917            MIR512-2
23379.1  chr19  54079708  54175015                DPRX
47122    chr19  54163655  54173153            MIR512-2
47755    chr19  54163297  54173239            MIR512-2
98846    chr19  54163837  54173222            MIR512-2
110080   chr19  54145565  54177724            MIR512-2
116116   chr19  54162957  54174232            MIR512-2
164569   chr19  54161707  54175870            MIR512-2
166168   chr19  54161751  54173388            MIR512-2
269127   chr19  54161080  54174307            MIR512-2
313126   chr19  54164638  54173055            MIR512-2
23717     chr2  10876705  10916735            ATP6V1C2
8231      chr2  20308461  20346376             LAPTM4A
23332     chr2  20248822  20354144             LAPTM4A
101142    chr2  20308298  20346231             LAPTM4A
129681    chr2  20290471  20437512                SDC1
141652    chr2  20305624  20357809             LAPTM4A
146191    chr2  20290448  20350178             LAPTM4A
153015    chr2  20306375  20437563                SDC1
218356    chr2  20306235  20357848             LAPTM4A
219070    chr2  20308556  20346002             LAPTM4A
220574    chr2  20292797  20399268                SDC1
282505    chr2  20306660  20349579             LAPTM4A
283011    chr2  20303391  20357434             LAPTM4A
301685    chr2  20263701  20443314                SDC1
492       chr2  28765370  28818180               FOSL2
24032     chr2  28765281  28783332               FOSL2
200855    chr2  28764395  28790355                PLB1
23577     chr2  64993584  65018345             SERTAD2
60347     chr2  64993052  65068483             SERTAD2
62433     chr2  64993583  65067658             SERTAD2
141314    chr2  64975235  65028275             SERTAD2
159086    chr2  64993644  65035741             SERTAD2
231886    chr2  64993123  65035836             SERTAD2
238615    chr2  64993855  65010392             SERTAD2
250667    chr2  64972039  65037134             SERTAD2
253217    chr2  64993041  65035751             SERTAD2
260418    chr2  64992958  65036660             SERTAD2
298484    chr2  64976451  65024188             SERTAD2
299126    chr2  64975768  65023265             SERTAD2
314192    chr2  64993818  65035528             SERTAD2
319289    chr2  64993639  65036313             SERTAD2
319957    chr2  64993897  65035878             SERTAD2
23854     chr2  70251250  70276311           LOC400960
82018     chr2  70201634  70277123           LOC400960
149489    chr2  70229558  70275306           LOC400960
149815    chr2  70142034  70275164              ASPRV1
151434    chr2  70201821  70336459           LOC400960
276381    chr2  70201763  70276096              ASPRV1
3961      chr2 106354238 106479112                NCK2
5306      chr2 106353910 106513433                NCK2
35100     chr2 106353574 106495446                NCK2
80558     chr2 106354192 106513245                NCK2
101451    chr2 106354580 106513325                NCK2
102539    chr2 106453408 106504025                NCK2
130474    chr2 106406421 106476763                NCK2
139330    chr2 106392256 106492370                NCK2
152133    chr2 106362106 106475708                NCK2
153918    chr2 106430181 106476897                NCK2
166335    chr2 106354188 106504437                NCK2
166870    chr2 106354213 106503357                NCK2
168077    chr2 106354213 106503357                NCK2
169042    chr2 106354188 106504437                NCK2
215072    chr2 106354303 106513138                NCK2
215876    chr2 106353719 106523470                NCK2
24411     chr2 152771460 152805016              CACNB4
153366    chr2 152777690 152816603              CACNB4
324024    chr2 152777907 152802163               ARL5A
13081     chr2 165738729 165795798            SLC38A11
23793     chr2 165734461 165777886            SLC38A11
203246    chr2 165745946 165779235            SLC38A11
204105    chr2 165724279 165774227              COBLL1
169993    chr2 182607355 182657946               CERKL
190633    chr2 182607789 182682747               SSFA2
199089    chr2 182617092 182657155             NEUROD1
146684.1  chr2 223616280 223673006               ACSL3
165241    chr2 223638412 223672426               ACSL3
182152    chr2 223649003 223665362               ACSL3
182795    chr2 223649874 223665192               ACSL3
192987.1  chr2 223571162 223678940              MOGAT1
193929.1  chr2 223559763 223665686               FARSB
3421     chr20   1446497   1475124              SIRPB2
8528     chr20   1445897   1482249              SIRPB2
24535    chr20   1446249   1482653              SIRPB2
33305    chr20   1446478   1481231              SIRPB2
43329    chr20   1443478   1476259              NSFL1C
54782    chr20   1445835   1487600              SIRPB2
91234    chr20   1449766   1487145              SIRPB2
91901    chr20   1459186   1470639              SIRPB2
126282   chr20   1446346   1487345              SIRPB2
126727   chr20   1445886   1488187              SIRPB2
129848   chr20   1434423   1487704              SIRPB2
147342   chr20   1446312   1487286              SIRPB2
148222   chr20   1445772   1487525              SIRPB2
150322   chr20   1446277   1476275              SIRPB2
152512   chr20   1445960   1475852              SIRPB2
153230   chr20   1445905   1486998              SIRPB2
179605   chr20   1446043   1487731              SIRPB2
180343   chr20   1446043   1487731              SIRPB2
234113   chr20   1458010   1482020              SIRPB2
302851   chr20   1449788   1482318              SIRPB2
17398    chr20  12989234  13012197              SPTLC3
260628   chr20  12986781  13025112              SPTLC3
45328    chr20  39630303  39659623                TOP1
51369    chr20  39610189  39711398                TOP1
52338    chr20  39631280  39659963                TOP1
59451    chr20  39610177  39660613                TOP1
90709    chr20  39618746  39661423                TOP1
101089   chr20  39630600  39659021                TOP1
127053   chr20  39618951  39661008                TOP1
130613   chr20  39606970  39661238                TOP1
139176   chr20  39630899  39668371                TOP1
142406   chr20  39618021  39685149                TOP1
146682   chr20  39619129  39659568                TOP1
148674   chr20  39631142  39659873                TOP1
153588   chr20  39630712  39677924                TOP1
178525   chr20  39618788  39660573                TOP1
179077   chr20  39618788  39661644                TOP1
205826   chr20  39608037  39711020                TOP1
218584   chr20  39631352  39659674                TOP1
222805   chr20  39631348  39659589                TOP1
263654   chr20  39630617  39668851                TOP1
287076   chr20  39630882  39660647                TOP1
304601   chr20  39619100  39659651                TOP1
326878   chr20  39618477  39660538                TOP1
24151    chr20  39598667  39621108                TOP1
51369.1  chr20  39610189  39711398                TOP1
58573    chr20  39610627  39644250                TOP1
59451.1  chr20  39610177  39660613                TOP1
126387   chr20  39588538  39646959                TOP1
130613.1 chr20  39606970  39661238                TOP1
161874   chr20  39610226  39642763                TOP1
205826.1 chr20  39608037  39711020                TOP1
303749   chr20  39589681  39647873                TOP1
24241    chr20  55878744  55905534               SPO11
263604   chr20  55860308  55894371             MIR4325
283626   chr20  55869588  55903936             MIR4325
27617    chr21  40422910  40477737               PSMG1
31177    chr21  40411565  40479978               PSMG1
52256    chr21  40418409  40424291               PSMG1
55539    chr21  40386324  40424480               PSMG1
68700    chr21  40411799  40497452               PSMG1
71144    chr21  40356546  40470360               PSMG1
72403    chr21  40356459  40477613               PSMG1
76099    chr21  40356520  40483378               PSMG1
81116    chr21  40410848  40478539               PSMG1
82476    chr21  40356166  40478910               PSMG1
87731    chr21  40356648  40477717               PSMG1
202548   chr21  40375600  40424150               PSMG1
209804   chr21  40299029  40457948               PSMG1
220531   chr21  40355707  40429940               PSMG1
302238   chr21  40352089  40435272               PSMG1
323123   chr21  40417513  40424375               PSMG1
323492   chr21  40418682  40424370               PSMG1
9137     chr21  44375774  44396253              PKNOX1
12570    chr21  44375826  44396713              PKNOX1
18254    chr21  44375277  44396572              PKNOX1
24014    chr21  44375678  44397195              PKNOX1
47434    chr21  44375610  44396747              PKNOX1
98257    chr21  44375242  44413711              PKNOX1
110101   chr21  44375293  44413801              PKNOX1
111681   chr21  44375256  44413692              PKNOX1
116122   chr21  44375104  44396876              PKNOX1
116562   chr21  44333364  44395994              PKNOX1
118022   chr21  44375277  44396046              PKNOX1
121580   chr21  44376637  44396551              PKNOX1
131145   chr21  44375819  44396265              PKNOX1
164603   chr21  44375041  44396782              PKNOX1
165980   chr21  44375247  44396829              PKNOX1
23536.1  chr22  21355121  21429186              SLC7A4
152959   chr22  23478089  23502133               RAB36
303814   chr22  23419744  23503169               RAB36
24620    chr22  37263777  37272440                NCF4
58060    chr22  37248857  37273747                NCF4
139424.1 chr22  37249236  37337953              CSF2RB
152174.1 chr22  37252379  37334852              CSF2RB
168725   chr22  37248892  37282165                NCF4
169746   chr22  37248498  37282483                NCF4
209958.1 chr22  37252093  37324750              CSF2RB
272978.1 chr22  37255598  37315612              CSF2RB
276172.1 chr22  37248870  37334854              CSF2RB
277217.1 chr22  37248500  37320176              CSF2RB
590      chr22  37940972  37961181            CDC42EP1
7965     chr22  37937278  37961151            CDC42EP1
15062    chr22  37941320  37960934            CDC42EP1
16907    chr22  37941035  37960891            CDC42EP1
19351    chr22  37940811  37960931            CDC42EP1
20411    chr22  37940879  37960381            CDC42EP1
22032    chr22  37941304  37960383            CDC42EP1
22808    chr22  37938175  37973044            CDC42EP1
23670    chr22  37937691  37961747            CDC42EP1
26084    chr22  37941287  37960904            CDC42EP1
29503    chr22  37937521  37960899            CDC42EP1
49015    chr22  37941015  37978159            CDC42EP1
63737    chr22  37936940  37961187            CDC42EP1
66914    chr22  37896507  37971215              CARD10
68487    chr22  37940603  37963792            CDC42EP1
68764    chr22  37940889  37998591              LGALS2
70618    chr22  37934451  37964294            CDC42EP1
72177    chr22  37896275  37964242              CARD10
75592    chr22  37940831  37963275            CDC42EP1
78711    chr22  37937514  37971171            CDC42EP1
84227    chr22  37940772  37963838            CDC42EP1
85570    chr22  37895162  37970877              CARD10
87494    chr22  37940830  37967382            CDC42EP1
87948    chr22  37940738  37966721            CDC42EP1
88750    chr22  37940651  37966688            CDC42EP1
89583    chr22  37937745  37967034            CDC42EP1
93106    chr22  37890757  37960660              CARD10
94454    chr22  37891054  37963170              CARD10
96778    chr22  37941272  37966486            CDC42EP1
99679    chr22  37934866  37960216            CDC42EP1
115748   chr22  37941269  37967173            CDC42EP1
125555   chr22  37891697  37963392              CARD10
129883   chr22  37904241  37964058              CARD10
139080   chr22  37936684  37967218            CDC42EP1
146394   chr22  37934367  37964076            CDC42EP1
156176   chr22  37941132  37960445            CDC42EP1
157453   chr22  37936486  37966875            CDC42EP1
171013   chr22  37934780  37989036            CDC42EP1
176809   chr22  37937514  37960770            CDC42EP1
179949   chr22  37907485  37963458              CARD10
180743   chr22  37907485  37963458              CARD10
185105   chr22  37891933  37965808              CARD10
199723   chr22  37929651  37989048            CDC42EP1
200611   chr22  37940278  37967328            CDC42EP1
217367   chr22  37934529  37978866            CDC42EP1
234481   chr22  37887666  37960258              CARD10
237736   chr22  37937429  37960371            CDC42EP1
243279   chr22  37939752  37967157            CDC42EP1
243744   chr22  37937436  37967286            CDC42EP1
265643   chr22  37940593  37971171            CDC42EP1
266781   chr22  37940571  37970879            CDC42EP1
268019   chr22  37940541  37971174            CDC42EP1
270041   chr22  37937942  37966297            CDC42EP1
281604   chr22  37888285  37967260              CARD10
282883   chr22  37941186  37978788            CDC42EP1
284129   chr22  37892852  37966983              CARD10
285493   chr22  37940902  37967712            CDC42EP1
297280   chr22  37888248  37963904              CARD10
300945   chr22  37891151  37963728              CARD10
313445   chr22  37892721  37960111              CARD10
318677   chr22  37887664  37963358              CARD10
320409   chr22  37889377  37959947              CARD10
21772    chr22  45047703  45115323                PRR5
23978    chr22  45080091  45109272                PRR5
81885    chr22  45080155  45131984        PRR5-ARHGAP8
99806    chr22  45034538  45129160                PRR5
103280   chr22  45048021  45114631                PRR5
109306   chr22  45076197  45132833        PRR5-ARHGAP8
109574   chr22  45074387  45134536        PRR5-ARHGAP8
121220   chr22  45057100  45099415                PRR5
207060   chr22  45034750  45103727                PRR5
279533   chr22  45015472  45132728                PRR5
280173   chr22  45015547  45132862                PRR5
23550     chr3  16823363  16848335               PLCL2
14605     chr3 111570355 111604333              PHLDB2
18107     chr3 111569949 111584605              PHLDB2
39388     chr3 111564949 111594177              PHLDB2
44544     chr3 111564845 111585067              PHLDB2
52300     chr3 111564656 111594108              PHLDB2
55583     chr3 111564797 111584997              PHLDB2
60408     chr3 111564518 111593945              PHLDB2
62890     chr3 111564203 111594176              PHLDB2
75106     chr3 111570038 111644978              PHLDB2
105316    chr3 111564386 111585578              PHLDB2
109014    chr3 111559136 111616544              PHLDB2
137037    chr3 111566226 111584101              PHLDB2
142953    chr3 111565063 111586299              PHLDB2
144823    chr3 111564932 111584875              PHLDB2
145945    chr3 111564712 111584821              PHLDB2
147151    chr3 111565074 111663028              PHLDB2
148471    chr3 111564957 111601996              PHLDB2
156674    chr3 111564614 111667179              PHLDB2
158947    chr3 111564285 111594160              PHLDB2
160007    chr3 111564358 111584788              PHLDB2
198676    chr3 111569298 111584177              PHLDB2
230987    chr3 111564474 111585466              PHLDB2
241236    chr3 111555021 111585212              PHLDB2
245927    chr3 111564503 111594629              PHLDB2
292324    chr3 111569570 111582381              PHLDB2
292978    chr3 111569284 111589956              PHLDB2
297094    chr3 111569570 111582381              PHLDB2
301512    chr3 111566050 111591744              PHLDB2
312172    chr3 111566691 111581734              PHLDB2
316887    chr3 111564666 111589172              PHLDB2
317996    chr3 111564660 111594567              PHLDB2
318026    chr3 111564127 111700159              PHLDB2
319111    chr3 111565347 111593314              PHLDB2
323263    chr3 111564919 111580745              PHLDB2
323974    chr3 111564625 111580868              PHLDB2
29404     chr3 120135320 120190102               FSTL1
156569    chr3 120134850 120226958               FSTL1
188616    chr3 120135372 120235893               FSTL1
233635    chr3 120134721 120226548               FSTL1
250307    chr3 120134431 120227002               FSTL1
259910    chr3 120135203 120225939               FSTL1
24574     chr3 128150308 128162670               GATA2
23384     chr3 129310491 129385654              PLXND1
37096     chr3 129305702 129408585              PLXND1
37685     chr3 129305508 129384653              PLXND1
55899     chr3 129341842 129414726               TMCC1
135849    chr3 129344900 129361728              PLXND1
164479    chr3 129310855 129394657              PLXND1
246960    chr3 129343780 129382665              PLXND1
264108    chr3 129343511 129414205               TMCC1
303848    chr3 129305975 129383553              PLXND1
324577    chr3 129330105 129384315              PLXND1
325019    chr3 129327051 129384976              PLXND1
325786    chr3 129329980 129383479              PLXND1
326220    chr3 129305369 129384870              PLXND1
326935    chr3 129329892 129384725              PLXND1
327523    chr3 129329786 129385071              PLXND1
328561    chr3 129323836 129385470              PLXND1
329640    chr3 129327979 129384524              PLXND1
330264    chr3 129314682 129384186              PLXND1
61140     chr3 176954240 177405060             TBL1XR1
141628    chr3 177112219 177173280             TBL1XR1
212369    chr3 177136445 177173168             TBL1XR1
174759    chr4  37514099  37564638             C4ORF19
159384    chr4  37813806  37841653                PGM2
24142     chr4  47464608  47489175              ATP10D
156751    chr4  47464112  47568766              ATP10D
24127     chr4 129437337 129476058              PGRMC2
84697     chr4 129444932 129525103               PHF17
120282    chr4 129462944 129525921               PHF17
189374    chr4 129432229 129500914              PGRMC2
186185    chr4 149669683 149716981                <NA>
195509    chr4 149702797 149716263               NR3C2
182999    chr5  34654853  34773586               RAI14
183977    chr5  34569532  34773894               RAI14
18020     chr5  38594782  38616586                LIFR
73577     chr5  38530799  38610011             MIR3650
112834    chr5  38594826  38624632                LIFR
121793    chr5  38598402  38611081                LIFR
322239    chr5  38590649  38610582                LIFR
181871    chr5  70736166  70899047               MCCC2
182367    chr5  70770574  70899069               MCCC2
89685     chr5  77863285  77996080              LHFPL2
146687    chr5  77940219  78017218              LHFPL2
258149    chr5  77905534  77996875              LHFPL2
326949    chr5  77960800  78028890              LHFPL2
327712    chr5  77991972  78028646              LHFPL2
328901    chr5  77991731  78028849              LHFPL2
242549    chr5 145560156 145682100               RBM27
23382     chr5 148437898 148534513              ABLIM3
23588     chr6   4577173   4623733                CDYL
23391     chr6  30709153  30854150                IER3
212341    chr6  30835244  30860585                DDR1
96669     chr6  41690865  41738635                 PGC
231223    chr6  53324885  53342967                GCLC
2655      chr6 106957303 106996547                AIM1
3343      chr6 106949261 107011193                AIM1
5795      chr6 106959369 106998301                AIM1
21625     chr6 106959375 106996499                AIM1
23693     chr6 106944438 107010296                AIM1
35502     chr6 106959039 106995016                AIM1
38720     chr6 106959667 107023370                AIM1
40704     chr6 106959185 107010342                AIM1
43083     chr6 106948251 107014639                AIM1
45179     chr6 106937733 107010475                AIM1
51693     chr6 106937846 107017190                AIM1
54729     chr6 106937664 107010442                AIM1
58112     chr6 106957422 107022060                AIM1
62383     chr6 106957559 106996734                AIM1
81030     chr6 106949323 106996600                AIM1
101659    chr6 106957488 106997976                AIM1
102502    chr6 106961563 106998013                AIM1
103723    chr6 106957390 106996620                AIM1
126567    chr6 106944799 107016664                AIM1
129702    chr6 106916852 107017615                AIM1
139633    chr6 106959150 107023768                AIM1
149053    chr6 106949102 107021269                AIM1
149898    chr6 106944383 107024545                AIM1
151013    chr6 106948233 106996736                AIM1
152266    chr6 106958581 107021709                AIM1
153124    chr6 106917214 107017310                AIM1
159206    chr6 106958891 106996780                AIM1
167320    chr6 106957259 106996596                AIM1
168505    chr6 106957259 106996596                AIM1
169538    chr6 106957155 107002362                AIM1
172382    chr6 106957657 107010542                AIM1
201780    chr6 106959248 107023649                AIM1
216271    chr6 106957777 107014034                AIM1
225523    chr6 106949525 107010513                AIM1
226929    chr6 106959143 107010413                AIM1
250280    chr6 106956853 107023212                AIM1
263001    chr6 106958541 107001729                AIM1
270733    chr6 106957388 107010431                AIM1
271122    chr6 106949420 107012037                AIM1
271750    chr6 106949503 107011260                AIM1
272317    chr6 106957381 107011462                AIM1
272709    chr6 106957440 107011026                AIM1
276538    chr6 106924472 107010883                AIM1
279075    chr6 106949719 106994215                AIM1
302382    chr6 106917606 106997442                AIM1
306137    chr6 106949617 107023498                AIM1
307458    chr6 106986306 107012163                AIM1
322991    chr6 106960025 106996772                AIM1
23629     chr6 158089720 158154195                SNX9
111743    chr6 168700650 168733503               DACT2
115357    chr6 168701706 168728012               DACT2
119003    chr6 168701821 168727646               DACT2
119725    chr6 168701706 168734928               DACT2
165327    chr6 168702355 168734656               DACT2
200661    chr6 168713636 168735128               DACT2
227327    chr6 168699746 168745623               DACT2
170765    chr7  17951480  18028444               SNX13
206183    chr7  17970187  17987905               SNX13
39507     chr7  22666165  22708716                 IL6
44236     chr7  22670882  22717214                 IL6
59981     chr7  22599287  22712261                 IL6
62485     chr7  22686296  22716320                 IL6
105112    chr7  22670432  22716511                 IL6
123358    chr7  22685738  22773139                 IL6
124337    chr7  22685793  22716539                 IL6
125388    chr7  22685923  22716434                 IL6
156466    chr7  22599067  22717137                 IL6
187129    chr7  22671949  22716453                 IL6
320650    chr7  22686025  22708945                 IL6
293193    chr7  92090110  92115124              GATAD1
23390     chr8   6395438   6463419              ANGPT2
47899     chr8   6403699   6461455              ANGPT2
113888    chr8   6455889   6481984              ANGPT2
123502    chr8   6433118   6460861              ANGPT2
177850    chr8   6455442   6460899              ANGPT2
178180    chr8   6455639   6460213              ANGPT2
181935    chr8   6416501   6509316              ANGPT2
182473    chr8   6416700   6491750              ANGPT2
185498    chr8   6384065   6478198              ANGPT2
197962    chr8   6455670   6461001              ANGPT2
251049    chr8   6403882   6463453              ANGPT2
281618    chr8   6403441   6466021              ANGPT2
301397    chr8   6450075   6463328              ANGPT2
309228    chr8   6442186   6478389              ANGPT2
309880    chr8   6442107   6487556              ANGPT2
317831    chr8   6402560   6463399              ANGPT2
318096    chr8   6402452   6466990              ANGPT2
17321     chr8  48522197  48552406               CEBPD
24954     chr8  48518447  48574987               CEBPD
73417     chr8  48513570  48589817               CEBPD
78993     chr8  48504364  48590661               CEBPD
95416     chr8  48505948  48533436               CEBPD
234686    chr8  48505951  48533939               CEBPD
250378    chr8  48503441  48597745               CEBPD
260397    chr8  48505925  48582869               CEBPD
267813    chr8  48524394  48582821               CEBPD
298079    chr8  48516122  48606937               CEBPD
298989    chr8  48508057  48590849               CEBPD
319040    chr8  48511156  48576747               CEBPD
319916    chr8  48513068  48552766               CEBPD
320671    chr8  48512776  48532615               CEBPD
328968    chr8  48519437  48576017               CEBPD
23363     chr8 103727998 103829710               AZIN1
61248     chr8 103691401 103826916               KLF10
84573     chr8 103727854 103823587               AZIN1
179885    chr8 103728179 103781690               KLF10
180818    chr8 103728179 103781690               KLF10
207237    chr8 103726749 103781456               KLF10
294993    chr8 103727388 103759634               KLF10
301971    chr8 103728412 103827996               AZIN1
216071    chr9  77678322  77791810               OSTF1
73854     chr9  92217672  92256589             GADD45G
74811     chr9  92217824  92251052             GADD45G
89190     chr9  92237832  92278177        LOC100129066
90225     chr9  92237894  92290267        LOC100129066
106891    chr9  92217811  92306196        LOC100129066
15078     chr9 112778084 112813712               AKAP2
23951     chr9 112768644 112813891               AKAP2
38674     chr9 112777567 112839923               AKAP2
44179     chr9 112777235 112833306               AKAP2
79635     chr9 112775234 112832696               AKAP2
87753     chr9 112783941 112921118               AKAP2
104620    chr9 112777258 112906871               AKAP2
154798    chr9 112777337 112836301               AKAP2
158137    chr9 112777541 112814610               AKAP2
182894    chr9 112777115 112917695               AKAP2
183985    chr9 112777090 112956861               AKAP2
186582    chr9 112777344 112916231               AKAP2
189096    chr9 112790163 112847039               AKAP2
202267    chr9 112777779 112814272               AKAP2
259948    chr9 112777199 112844837               AKAP2
297915    chr9 112791233 112921185               AKAP2
298718    chr9 112790339 112919142               AKAP2
305353    chr9 112729779 112916891               AKAP2
23820     chr9 124344771 124387501              DAB2IP
24894     chr9 124353781 124388725              DAB2IP
42664     chr9 124358877 124379672              DAB2IP
73372     chr9 124312692 124435847              DAB2IP
138520    chr9 124353893 124375369              DAB2IP
207923    chr9 124339949 124368315              DAB2IP
290652    chr9 124353882 124433232              DAB2IP
291269    chr9 124353559 124433308              DAB2IP
297901    chr9 124356100 124457548              DAB2IP
299203    chr9 124356501 124379452              DAB2IP
93319     chr9 126899552 126909543                NEK6
95065     chr9 126900350 126909543                NEK6
165244    chr9 126894859 126909199                NEK6
189181    chr9 126888885 126909336                NEK6
235238    chr9 126900334 126909569                NEK6
23927     chrX 133780307 133812482               PLAC1
